{"/Users/macbookair/Desktop/JEST-testingUnit/src/healthStatus.js": {"path":"/Users/macbookair/Desktop/JEST-testingUnit/src/healthStatus.js","statementMap":{"0":{"start":{"line":4,"column":1},"end":{"line":10,"column":2}},"1":{"start":{"line":5,"column":2},"end":{"line":5,"column":19}},"2":{"start":{"line":6,"column":8},"end":{"line":10,"column":2}},"3":{"start":{"line":7,"column":2},"end":{"line":7,"column":19}},"4":{"start":{"line":9,"column":2},"end":{"line":9,"column":20}}},"fnMap":{"0":{"name":"getHealthStatus","decl":{"start":{"line":3,"column":24},"end":{"line":3,"column":39}},"loc":{"start":{"line":3,"column":51},"end":{"line":11,"column":1}},"line":3}},"branchMap":{"0":{"loc":{"start":{"line":4,"column":1},"end":{"line":10,"column":2}},"type":"if","locations":[{"start":{"line":4,"column":1},"end":{"line":10,"column":2}},{"start":{"line":6,"column":8},"end":{"line":10,"column":2}}],"line":4},"1":{"loc":{"start":{"line":6,"column":8},"end":{"line":10,"column":2}},"type":"if","locations":[{"start":{"line":6,"column":8},"end":{"line":10,"column":2}},{"start":{"line":8,"column":8},"end":{"line":10,"column":2}}],"line":6},"2":{"loc":{"start":{"line":6,"column":12},"end":{"line":6,"column":59}},"type":"binary-expr","locations":[{"start":{"line":6,"column":12},"end":{"line":6,"column":34}},{"start":{"line":6,"column":38},"end":{"line":6,"column":59}}],"line":6}},"s":{"0":3,"1":1,"2":2,"3":1,"4":1},"f":{"0":3},"b":{"0":[1,2],"1":[1,1],"2":[2,2]},"_coverageSchema":"1a1c01bbd47fc00a2c39e90264f33305004495a9","hash":"f42dde0e1305d5731032cf8cabc91c61bdee848e"}
}
